<?xml version="1.0" encoding="utf-8" standalone="no"?>
<!--This file represents the results of running a test suite-->
<test-results name="C:\dojo\svn\2011\20110608 - wordwrap - csharp\wordwrap.dll" total="4" errors="1" failures="3" not-run="0" inconclusive="0" ignored="0" skipped="0" invalid="0" date="2011-06-08" time="20:22:19">
  <environment nunit-version="2.5.10.11092" clr-version="2.0.50727.5653" os-version="Microsoft Windows NT 6.0.6001 Service Pack 1" platform="Win32NT" cwd="C:\dojo\svn\2011\20110608 - wordwrap - csharp" machine-name="PROFESSOR-PC" user="Professor" user-domain="Professor-pc" />
  <culture-info current-culture="pt-BR" current-uiculture="pt-BR" />
  <test-suite type="Assembly" name="C:\dojo\svn\2011\20110608 - wordwrap - csharp\wordwrap.dll" executed="True" result="Failure" success="False" time="0.044" asserts="0">
    <results>
      <test-suite type="TestFixture" name="QuebraDeLinhaTestes" executed="True" result="Failure" success="False" time="0.039" asserts="0">
        <results>
          <test-case name="QuebraDeLinhaTestes.ao_quebrar_duas_letras_com_uma_coluna_retorna_em_duas_linhas" executed="True" result="Failure" success="False" time="0.024" asserts="1">
            <failure>
              <message><![CDATA[  Expected string length 3 but was 2. Strings differ at index 1.
  Expected: "A\nB"
  But was:  "AB"
  ------------^
]]></message>
              <stack-trace><![CDATA[em QuebraDeLinhaTestes.ao_quebrar_duas_letras_com_uma_coluna_retorna_em_duas_linhas()
]]></stack-trace>
            </failure>
          </test-case>
          <test-case name="QuebraDeLinhaTestes.ao_quebrar_string_vazia_retorna_uma_string_vazia" executed="True" result="Error" success="False" time="0.002" asserts="0">
            <failure>
              <message><![CDATA[System.IndexOutOfRangeException : O índice estava fora dos limites da matriz.]]></message>
              <stack-trace><![CDATA[em QuebraDeLinha.Quebrar(String input, Int32 columns)
em QuebraDeLinhaTestes.ao_quebrar_string_vazia_retorna_uma_string_vazia()
]]></stack-trace>
            </failure>
          </test-case>
          <test-case name="QuebraDeLinhaTestes.ao_quebrar_tres_letras_com_uma_coluna_retorna_em_tres_linhas" executed="True" result="Failure" success="False" time="0.001" asserts="1">
            <failure>
              <message><![CDATA[  Expected string length 5 but was 3. Strings differ at index 1.
  Expected: "A\nB\nC"
  But was:  "ABC"
  ------------^
]]></message>
              <stack-trace><![CDATA[em QuebraDeLinhaTestes.ao_quebrar_tres_letras_com_uma_coluna_retorna_em_tres_linhas()
]]></stack-trace>
            </failure>
          </test-case>
          <test-case name="QuebraDeLinhaTestes.ao_quebrar_uma_letra_retorna_uma_letra" executed="True" result="Failure" success="False" time="0.000" asserts="1">
            <failure>
              <message><![CDATA[  Expected string length 1 but was 2. Strings differ at index 1.
  Expected: "A"
  But was:  "A\n"
  ------------^
]]></message>
              <stack-trace><![CDATA[em QuebraDeLinhaTestes.ao_quebrar_uma_letra_retorna_uma_letra()
]]></stack-trace>
            </failure>
          </test-case>
        </results>
      </test-suite>
    </results>
  </test-suite>
</test-results>